<?xml version="1.0" encoding="UTF-8"?>
<testsuite name="com.ridango.payment.PaymentEndToEndTest" tests="1" skipped="0" failures="0" errors="0" timestamp="2022-12-11T23:03:15" hostname="Tajiks-MBP" time="0.036">
  <properties/>
  <testcase name="shouldUpdateSenderAccount()" classname="com.ridango.payment.PaymentEndToEndTest" time="0.036"/>
  <system-out><![CDATA[01:03:10.220 [Test worker] DEBUG org.springframework.test.context.BootstrapUtils - Instantiating CacheAwareContextLoaderDelegate from class [org.springframework.test.context.cache.DefaultCacheAwareContextLoaderDelegate]
01:03:10.232 [Test worker] DEBUG org.springframework.test.context.BootstrapUtils - Instantiating BootstrapContext using constructor [public org.springframework.test.context.support.DefaultBootstrapContext(java.lang.Class,org.springframework.test.context.CacheAwareContextLoaderDelegate)]
01:03:10.287 [Test worker] DEBUG org.springframework.test.context.BootstrapUtils - Instantiating TestContextBootstrapper for test class [com.ridango.payment.PaymentEndToEndTest] from class [org.springframework.boot.test.context.SpringBootTestContextBootstrapper]
01:03:10.306 [Test worker] INFO org.springframework.boot.test.context.SpringBootTestContextBootstrapper - Neither @ContextConfiguration nor @ContextHierarchy found for test class [com.ridango.payment.PaymentEndToEndTest], using SpringBootContextLoader
01:03:10.312 [Test worker] DEBUG org.springframework.test.context.support.AbstractContextLoader - Did not detect default resource location for test class [com.ridango.payment.PaymentEndToEndTest]: class path resource [com/ridango/payment/PaymentEndToEndTest-context.xml] does not exist
01:03:10.312 [Test worker] DEBUG org.springframework.test.context.support.AbstractContextLoader - Did not detect default resource location for test class [com.ridango.payment.PaymentEndToEndTest]: class path resource [com/ridango/payment/PaymentEndToEndTestContext.groovy] does not exist
01:03:10.312 [Test worker] INFO org.springframework.test.context.support.AbstractContextLoader - Could not detect default resource locations for test class [com.ridango.payment.PaymentEndToEndTest]: no resource found for suffixes {-context.xml, Context.groovy}.
01:03:10.379 [Test worker] DEBUG org.springframework.test.context.support.ActiveProfilesUtils - Could not find an 'annotation declaring class' for annotation type [org.springframework.test.context.ActiveProfiles] and class [com.ridango.payment.PaymentEndToEndTest]
01:03:10.506 [Test worker] DEBUG org.springframework.boot.test.context.SpringBootTestContextBootstrapper - @TestExecutionListeners is not present for class [com.ridango.payment.PaymentEndToEndTest]: using defaults.
01:03:10.507 [Test worker] INFO org.springframework.boot.test.context.SpringBootTestContextBootstrapper - Loaded default TestExecutionListener class names from location [META-INF/spring.factories]: [org.springframework.boot.test.autoconfigure.restdocs.RestDocsTestExecutionListener, org.springframework.boot.test.autoconfigure.web.client.MockRestServiceServerResetTestExecutionListener, org.springframework.boot.test.autoconfigure.web.servlet.MockMvcPrintOnlyOnFailureTestExecutionListener, org.springframework.boot.test.autoconfigure.web.servlet.WebDriverTestExecutionListener, org.springframework.boot.test.autoconfigure.webservices.client.MockWebServiceServerTestExecutionListener, org.springframework.boot.test.mock.mockito.MockitoTestExecutionListener, org.springframework.boot.test.mock.mockito.ResetMocksTestExecutionListener, org.springframework.test.context.web.ServletTestExecutionListener, org.springframework.test.context.support.DirtiesContextBeforeModesTestExecutionListener, org.springframework.test.context.support.DependencyInjectionTestExecutionListener, org.springframework.test.context.support.DirtiesContextTestExecutionListener, org.springframework.test.context.transaction.TransactionalTestExecutionListener, org.springframework.test.context.jdbc.SqlScriptsTestExecutionListener, org.springframework.test.context.event.EventPublishingTestExecutionListener]
01:03:10.526 [Test worker] INFO org.springframework.boot.test.context.SpringBootTestContextBootstrapper - Using TestExecutionListeners: [org.springframework.test.context.web.ServletTestExecutionListener@aa549e5, org.springframework.test.context.support.DirtiesContextBeforeModesTestExecutionListener@36f48b4, org.springframework.boot.test.mock.mockito.MockitoTestExecutionListener@5c00384f, org.springframework.boot.test.autoconfigure.SpringBootDependencyInjectionTestExecutionListener@3b7ff809, org.springframework.test.context.support.DirtiesContextTestExecutionListener@1bb564e2, org.springframework.test.context.transaction.TransactionalTestExecutionListener@62e6b5c8, org.springframework.test.context.jdbc.SqlScriptsTestExecutionListener@3f792b9b, org.springframework.test.context.event.EventPublishingTestExecutionListener@7b8233cd, org.springframework.boot.test.autoconfigure.restdocs.RestDocsTestExecutionListener@4b20ca2b, org.springframework.boot.test.autoconfigure.web.client.MockRestServiceServerResetTestExecutionListener@1cbf6e72, org.springframework.boot.test.autoconfigure.web.servlet.MockMvcPrintOnlyOnFailureTestExecutionListener@6aecbb8d, org.springframework.boot.test.autoconfigure.web.servlet.WebDriverTestExecutionListener@1af146, org.springframework.boot.test.autoconfigure.webservices.client.MockWebServiceServerTestExecutionListener@4da602fc, org.springframework.boot.test.mock.mockito.ResetMocksTestExecutionListener@2a8d39c4]
01:03:10.529 [Test worker] DEBUG org.springframework.test.context.support.AbstractDirtiesContextTestExecutionListener - Before test class: context [DefaultTestContext@6cfcd46d testClass = PaymentEndToEndTest, testInstance = [null], testMethod = [null], testException = [null], mergedContextConfiguration = [WebMergedContextConfiguration@52045dbe testClass = PaymentEndToEndTest, locations = '{}', classes = '{class com.ridango.payment.PaymentApplication, class com.ridango.payment.PaymentApplication}', contextInitializerClasses = '[]', activeProfiles = '{}', propertySourceLocations = '{}', propertySourceProperties = '{org.springframework.boot.test.context.SpringBootTestContextBootstrapper=true}', contextCustomizers = set[org.springframework.boot.test.autoconfigure.properties.PropertyMappingContextCustomizer@4b3fa0b3, org.springframework.boot.test.autoconfigure.web.servlet.WebDriverContextCustomizerFactory$Customizer@51fadaff, [ImportsContextCustomizer@674658f7 key = [org.springframework.boot.test.autoconfigure.web.servlet.MockMvcAutoConfiguration, org.springframework.boot.test.autoconfigure.web.servlet.MockMvcWebClientAutoConfiguration, org.springframework.boot.test.autoconfigure.web.servlet.MockMvcWebDriverAutoConfiguration, org.springframework.boot.autoconfigure.security.oauth2.client.servlet.OAuth2ClientAutoConfiguration, org.springframework.boot.autoconfigure.security.oauth2.resource.servlet.OAuth2ResourceServerAutoConfiguration, org.springframework.boot.autoconfigure.security.servlet.SecurityAutoConfiguration, org.springframework.boot.autoconfigure.security.servlet.SecurityFilterAutoConfiguration, org.springframework.boot.autoconfigure.security.servlet.UserDetailsServiceAutoConfiguration, org.springframework.boot.test.autoconfigure.web.servlet.MockMvcSecurityConfiguration]], org.springframework.boot.test.context.filter.ExcludeFilterContextCustomizer@7b420819, org.springframework.boot.test.json.DuplicateJsonObjectContextCustomizerFactory$DuplicateJsonObjectContextCustomizer@a3d9978, org.springframework.boot.test.mock.mockito.MockitoContextCustomizer@0, org.springframework.boot.test.web.client.TestRestTemplateContextCustomizer@58326051, org.springframework.boot.test.context.SpringBootTestArgs@1], resourceBasePath = 'src/main/webapp', contextLoader = 'org.springframework.boot.test.context.SpringBootContextLoader', parent = [null]], attributes = map['org.springframework.test.context.web.ServletTestExecutionListener.activateListener' -> true]], class annotated with @DirtiesContext [false] with mode [null].
01:03:10.574 [Test worker] DEBUG org.springframework.test.context.support.TestPropertySourceUtils - Adding inlined properties to environment: {spring.jmx.enabled=false, org.springframework.boot.test.context.SpringBootTestContextBootstrapper=true}

  .   ____          _            __ _ _
 /\\ / ___'_ __ _ _(_)_ __  __ _ \ \ \ \
( ( )\___ | '_ | '_| | '_ \/ _` | \ \ \ \
 \\/  ___)| |_)| | | | | || (_| |  ) ) ) )
  '  |____| .__|_| |_|_| |_\__, | / / / /
 =========|_|==============|___/=/_/_/_/
 :: Spring Boot ::        (v2.3.4.RELEASE)

2022-12-12 01:03:10.882  INFO 52113 --- [    Test worker] com.ridango.payment.PaymentEndToEndTest  : Starting PaymentEndToEndTest on Tajiks-MBP with PID 52113 (started by tajikifrad in /Users/tajikifrad/Downloads/assignment)
2022-12-12 01:03:10.883  INFO 52113 --- [    Test worker] com.ridango.payment.PaymentEndToEndTest  : No active profile set, falling back to default profiles: default
2022-12-12 01:03:11.810  INFO 52113 --- [    Test worker] .s.d.r.c.RepositoryConfigurationDelegate : Bootstrapping Spring Data JPA repositories in DEFERRED mode.
2022-12-12 01:03:11.905  INFO 52113 --- [    Test worker] .s.d.r.c.RepositoryConfigurationDelegate : Finished Spring Data repository scanning in 80ms. Found 2 JPA repository interfaces.
2022-12-12 01:03:12.461  INFO 52113 --- [    Test worker] o.s.s.concurrent.ThreadPoolTaskExecutor  : Initializing ExecutorService 'applicationTaskExecutor'
2022-12-12 01:03:12.484  INFO 52113 --- [    Test worker] com.zaxxer.hikari.HikariDataSource       : HikariPool-1 - Starting...
2022-12-12 01:03:12.678  INFO 52113 --- [    Test worker] com.zaxxer.hikari.HikariDataSource       : HikariPool-1 - Start completed.
2022-12-12 01:03:12.761  INFO 52113 --- [         task-1] o.hibernate.jpa.internal.util.LogHelper  : HHH000204: Processing PersistenceUnitInfo [name: default]
2022-12-12 01:03:12.844  INFO 52113 --- [         task-1] org.hibernate.Version                    : HHH000412: Hibernate ORM core version 5.4.21.Final
2022-12-12 01:03:13.095  INFO 52113 --- [         task-1] o.hibernate.annotations.common.Version   : HCANN000001: Hibernate Commons Annotations {5.1.0.Final}
2022-12-12 01:03:13.355  INFO 52113 --- [         task-1] org.hibernate.dialect.Dialect            : HHH000400: Using dialect: org.hibernate.dialect.H2Dialect
2022-12-12 01:03:13.373  WARN 52113 --- [    Test worker] JpaBaseConfiguration$JpaWebConfiguration : spring.jpa.open-in-view is enabled by default. Therefore, database queries may be performed during view rendering. Explicitly configure spring.jpa.open-in-view to disable this warning
2022-12-12 01:03:13.982  INFO 52113 --- [    Test worker] o.s.b.a.h2.H2ConsoleAutoConfiguration    : H2 console available at '/h2-console'. Database available at 'jdbc:h2:mem:testdb'
2022-12-12 01:03:14.423  INFO 52113 --- [    Test worker] o.s.b.t.m.w.SpringBootMockServletContext : Initializing Spring TestDispatcherServlet ''
2022-12-12 01:03:14.424  INFO 52113 --- [    Test worker] o.s.t.web.servlet.TestDispatcherServlet  : Initializing Servlet ''
2022-12-12 01:03:14.439  INFO 52113 --- [    Test worker] o.s.t.web.servlet.TestDispatcherServlet  : Completed initialization in 14 ms
2022-12-12 01:03:14.452  INFO 52113 --- [    Test worker] DeferredRepositoryInitializationListener : Triggering deferred initialization of Spring Data repositories…
2022-12-12 01:03:14.567  INFO 52113 --- [         task-1] o.h.e.t.j.p.i.JtaPlatformInitiator       : HHH000490: Using JtaPlatform implementation: [org.hibernate.engine.transaction.jta.platform.internal.NoJtaPlatform]
2022-12-12 01:03:14.573  INFO 52113 --- [         task-1] j.LocalContainerEntityManagerFactoryBean : Initialized JPA EntityManagerFactory for persistence unit 'default'
2022-12-12 01:03:14.839  INFO 52113 --- [    Test worker] DeferredRepositoryInitializationListener : Spring Data repositories initialized!
2022-12-12 01:03:14.848  INFO 52113 --- [    Test worker] com.ridango.payment.PaymentEndToEndTest  : Started PaymentEndToEndTest in 4.264 seconds (JVM running for 5.644)
]]></system-out>
  <system-err><![CDATA[]]></system-err>
</testsuite>
